# Check configuration tokens
# Ensure build layout
# Check configuration tokens
# Preparing build
# Check requirements for android
# Search for Git (git)
#  -> found at /usr/bin/git
# Search for Cython (cython)
#  -> found at /home/solaya/.local/bin/cython
# Search for Java compiler (javac)
#  -> found at /usr/lib/jvm/java-17-openjdk-amd64/bin/javac
# Search for Java keytool (keytool)
#  -> found at /usr/lib/jvm/java-17-openjdk-amd64/bin/keytool
# Install platform
# Run ['git', 'config', '--get', 'remote.origin.url']
# Cwd /home/solaya/Desktop/TOE/hive/android/.buildozer/android/platform/python-for-android
https://github.com/kivy/python-for-android.git
# Run ['git', 'branch', '-vv']
# Cwd /home/solaya/Desktop/TOE/hive/android/.buildozer/android/platform/python-for-android
* master 957a3e5f [origin/master] Merge pull request #2959 from kivy/release-2024.01.21
# Run ['/usr/bin/python3', '-m', 'pip', 'install', '-q', '--user', 'appdirs', 'colorama>=0.3.3', 'jinja2', 'sh>=1.10, <2.0; sys_platform!="win32"', 'build', 'toml', 'packaging', 'setuptools']
# Cwd None
# Apache ANT found at /home/solaya/.buildozer/android/platform/apache-ant-1.9.4
# Android SDK found at /home/solaya/.buildozer/android/platform/android-sdk
# Recommended android's NDK version by p4a is: 25b
# Android NDK found at /home/solaya/.buildozer/android/platform/android-ndk-r25b
# Run ['/usr/bin/python3', '-m', 'pythonforandroid.toolchain', 'aab', '-h', '--color=always', '--storage-dir=/home/solaya/Desktop/TOE/hive/android/.buildozer/android/platform/build-arm64-v8a', '--ndk-api=21', '--ignore-setup-py', '--debug']
# Cwd /home/solaya/Desktop/TOE/hive/android/.buildozer/android/platform/python-for-android
[WARNING]: prerequisites.py is experimental and does not support all prerequisites yet.
[WARNING]: Please report any issues to the python-for-android issue tracker.
[WARNING]: prerequisites.py is experimental and does not support all prerequisites yet.
[WARNING]: Please report any issues to the python-for-android issue tracker.
usage: toolchain.py aab [-h] [--debug] [--color {always,never,auto}]
                        [--sdk-dir SDK_DIR] [--ndk-dir NDK_DIR]
                        [--android-api ANDROID_API]
                        [--ndk-version NDK_VERSION] [--ndk-api NDK_API]
                        [--symlink-bootstrap-files]
                        [--storage-dir STORAGE_DIR] [--arch ARCH]
                        [--dist-name DIST_NAME] [--requirements REQUIREMENTS]
                        [--recipe-blacklist RECIPE_BLACKLIST]
                        [--blacklist-requirements BLACKLIST_REQUIREMENTS]
                        [--bootstrap BOOTSTRAP] [--hook HOOK] [--force-build]
                        [--no-force-build] [--require-perfect-match]
                        [--no-require-perfect-match] [--allow-replace-dist]
                        [--no-allow-replace-dist]
                        [--local-recipes LOCAL_RECIPES]
                        [--activity-class-name ACTIVITY_CLASS_NAME]
                        [--service-class-name SERVICE_CLASS_NAME]
                        [--java-build-tool {auto,ant,gradle}] [--copy-libs]
                        [--no-copy-libs] [--add-asset ASSETS]
                        [--add-resource RESOURCES] [--private PRIVATE]
                        [--use-setup-py] [--ignore-setup-py] [--release]
                        [--with-debug-symbols] [--keystore KEYSTORE]
                        [--signkey SIGNKEY] [--keystorepw KEYSTOREPW]
                        [--signkeypw SIGNKEYPW]

options:
  -h, --help            show this help message and exit
  --debug               Display debug output and all build info
  --color {always,never,auto}
                        Enable or disable color output (default enabled on
                        tty)
  --sdk-dir SDK_DIR, --sdk_dir SDK_DIR
                        The filepath where the Android SDK is installed
  --ndk-dir NDK_DIR, --ndk_dir NDK_DIR
                        The filepath where the Android NDK is installed
  --android-api ANDROID_API, --android_api ANDROID_API
                        The Android API level to build against defaults to 33
                        if not specified.
  --ndk-version NDK_VERSION, --ndk_version NDK_VERSION
                        DEPRECATED: the NDK version is now found automatically
                        or not at all.
  --ndk-api NDK_API     The Android API level to compile against. This should
                        be your *minimal supported* API, not normally the same
                        as your --android-api. Defaults to min(ANDROID_API,
                        21) if not specified.
  --symlink-bootstrap-files, --ssymlink_bootstrap_files
                        If True, symlinks the bootstrap files creation. This
                        is useful for development only, it could also cause
                        weird problems.
  --storage-dir STORAGE_DIR
                        Primary storage directory for downloads and builds
                        (default: /home/solaya/.local/share/python-for-
                        android)
  --arch ARCH           The archs to build for.
  --dist-name DIST_NAME, --dist_name DIST_NAME
                        The name of the distribution to use or create
  --requirements REQUIREMENTS
                        Dependencies of your app, should be recipe names or
                        Python modules. NOT NECESSARY if you are using Python
                        3 with --use-setup-py
  --recipe-blacklist RECIPE_BLACKLIST
                        Blacklist an internal recipe from use. Allows
                        disabling Python 3 core modules to save size
  --blacklist-requirements BLACKLIST_REQUIREMENTS
                        Blacklist an internal recipe from use. Allows
                        disabling Python 3 core modules to save size
  --bootstrap BOOTSTRAP
                        The bootstrap to build with. Leave unset to choose
                        automatically.
  --hook HOOK           Filename to a module that contains python-for-android
                        hooks
  --local-recipes LOCAL_RECIPES, --local_recipes LOCAL_RECIPES
                        Directory to look for local recipes
  --activity-class-name ACTIVITY_CLASS_NAME
                        The full java class name of the main activity
  --service-class-name SERVICE_CLASS_NAME
                        Full java package name of the PythonService class
  --java-build-tool {auto,ant,gradle}
                        The java build tool to use when packaging the APK,
                        defaults to automatically selecting an appropriate
                        tool.
  --add-asset ASSETS    Put this in the assets folder in the apk.
  --add-resource RESOURCES
                        Put this in the res folder in the apk.
  --private PRIVATE     the directory with the app source code files
                        (containing your main.py entrypoint)
  --use-setup-py        Process the setup.py of a project if present.
                        (Experimental!
  --ignore-setup-py     Don't run the setup.py of a project if present. This
                        may be required if the setup.py is not designed to
                        work inside p4a (e.g. by installing dependencies that
                        won't work or aren't desired on Android
  --release             Build your app as a non-debug release build. (Disables
                        gdb debugging among other things)
  --with-debug-symbols  Will keep debug symbols from `.so` files.
  --keystore KEYSTORE   Keystore for JAR signing key, will use jarsigner
                        default if not specified (release build only)
  --signkey SIGNKEY     Key alias to sign PARSER_APK. with (release build
                        only)
  --keystorepw KEYSTOREPW
                        Password for keystore
  --signkeypw SIGNKEYPW
                        Password for key alias

  Whether to force compilation of a new distribution

  --force-build
  --no-force-build      (this is the default)
  --require-perfect-match
  --no-require-perfect-match
                        (this is the default)
  --allow-replace-dist  (this is the default)
  --no-allow-replace-dist
  --copy-libs
  --no-copy-libs        (this is the default)
# Check application requirements
# Compile platform
# Run ['/usr/bin/python3', '-m', 'pythonforandroid.toolchain', 'create', '--dist_name=wathome', '--bootstrap=sdl2', '--requirements=python3,kivy,numpy,pillow,pyjnius', '--arch=arm64-v8a', '--copy-libs', '--color=always', '--storage-dir=/home/solaya/Desktop/TOE/hive/android/.buildozer/android/platform/build-arm64-v8a', '--ndk-api=21', '--ignore-setup-py', '--debug']
# Cwd /home/solaya/Desktop/TOE/hive/android/.buildozer/android/platform/python-for-android
[WARNING]: prerequisites.py is experimental and does not support all prerequisites yet.
[WARNING]: Please report any issues to the python-for-android issue tracker.
[WARNING]: prerequisites.py is experimental and does not support all prerequisites yet.
[WARNING]: Please report any issues to the python-for-android issue tracker.
[1m[INFO][0m:    Will compile for the following archs: arm64-v8a
[1m[INFO][0m:    Found Android API target in $ANDROIDAPI: 33
[1m[INFO][0m:    Available Android APIs are (33)
[1m[INFO][0m:    Requested API target 33 is available, continuing.
[1m[INFO][0m:    Found NDK dir in $ANDROIDNDK: /home/solaya/.buildozer/android/platform/android-ndk-r25b
[1m[INFO][0m:    Found NDK version 25b
[1m[INFO][0m:    Getting NDK API version (i.e. minimum supported API) from user argument
[1m[INFO][0m:    ccache is missing, the build will not be optimized in the future.
[1m[90m[DEBUG][39m[0m:   All possible dists: [<Distribution: name wathome with recipes (freetype, hostpython3, jpeg, libffi, openssl, png, sdl2_image, sdl2_mixer, sdl2_ttf, sqlite3, python3, sdl2, setuptools, cython, pillow, six, numpy, pyjnius, android, kivy, idna, chardet, urllib3, certifi, requests)>]
[1m[90m[DEBUG][39m[0m:   Dist matching name and arch: [<Distribution: name wathome with recipes (freetype, hostpython3, jpeg, libffi, openssl, png, sdl2_image, sdl2_mixer, sdl2_ttf, sqlite3, python3, sdl2, setuptools, cython, pillow, six, numpy, pyjnius, android, kivy, idna, chardet, urllib3, certifi, requests)>]
[1m[90m[DEBUG][39m[0m:   Dist matching ndk_api and recipe: [<Distribution: name wathome with recipes (freetype, hostpython3, jpeg, libffi, openssl, png, sdl2_image, sdl2_mixer, sdl2_ttf, sqlite3, python3, sdl2, setuptools, cython, pillow, six, numpy, pyjnius, android, kivy, idna, chardet, urllib3, certifi, requests)>]
[1m[INFO][0m:    Of the existing distributions, the following meet the given requirements:
[1m[INFO][0m:    	[32m[1mwathome[0m: min API 21, includes recipes ([32mfreetype, hostpython3, jpeg, libffi, openssl, png, sdl2_image, sdl2_mixer, sdl2_ttf, sqlite3, python3, sdl2, setuptools, cython, pillow, six, numpy, pyjnius, android, kivy, idna, chardet, urllib3, certifi, requests[0m), built for archs ([34marm64-v8a[0m)
[1m[INFO][0m:    [1m[94mwathome has compatible recipes, using this one[0m
# Build the application #29
# Copy application source from /home/solaya/Desktop/TOE/hive/android
# Create directory /home/solaya/Desktop/TOE/hive/android/.buildozer/android/app
# Copy /home/solaya/Desktop/TOE/hive/android/gen_notification_icons.py
# Copy /home/solaya/Desktop/TOE/hive/android/icon_adaptive_fg.png
# Copy /home/solaya/Desktop/TOE/hive/android/presplash.png
# Copy /home/solaya/Desktop/TOE/hive/android/icon-512.png
# Copy /home/solaya/Desktop/TOE/hive/android/gen_adaptive_icons.py
# Copy /home/solaya/Desktop/TOE/hive/android/icon_adaptive_bg.png
# Copy /home/solaya/Desktop/TOE/hive/android/main.py
# Copy /home/solaya/Desktop/TOE/hive/android/w_operator.py
# Create directory /home/solaya/Desktop/TOE/hive/android/.buildozer/android/app/notification_icons
# Copy /home/solaya/Desktop/TOE/hive/android/notification_icons/ic_notification_menger_hdpi_36x36.png
# Copy /home/solaya/Desktop/TOE/hive/android/notification_icons/ic_notification_menger_mdpi_24x24.png
# Copy /home/solaya/Desktop/TOE/hive/android/notification_icons/ic_notification_menger_xxxhdpi_96x96.png
# Copy /home/solaya/Desktop/TOE/hive/android/notification_icons/ic_notification_menger_xhdpi_48x48.png
# Copy /home/solaya/Desktop/TOE/hive/android/notification_icons/ic_notification_menger_xxhdpi_72x72.png
# Create directory /home/solaya/Desktop/TOE/hive/android/.buildozer/android/app/launcher_icons
# Copy /home/solaya/Desktop/TOE/hive/android/launcher_icons/ic_launcher_mdpi_48x48.png
# Copy /home/solaya/Desktop/TOE/hive/android/launcher_icons/ic_launcher_hdpi_72x72.png
# Copy /home/solaya/Desktop/TOE/hive/android/launcher_icons/ic_launcher_xhdpi_96x96.png
# Copy /home/solaya/Desktop/TOE/hive/android/launcher_icons/ic_launcher_xxxhdpi_192x192.png
# Copy /home/solaya/Desktop/TOE/hive/android/launcher_icons/ic_launcher_xxhdpi_144x144.png
# Create directory /home/solaya/Desktop/TOE/hive/android/.buildozer/android/app/service
# Copy /home/solaya/Desktop/TOE/hive/android/service/main.py
# Patched service/main.py to include applibs
# Package the application
# project.properties updated
# Run ['/usr/bin/python3', '-m', 'pythonforandroid.toolchain', 'apk', '--bootstrap', 'sdl2', '--dist_name', 'wathome', '--name', 'W@Home Hive', '--version', '1.0.1', '--package', 'com.akataleptos.wathome', '--minsdk', '21', '--ndk-api', '21', '--private', '/home/solaya/Desktop/TOE/hive/android/.buildozer/android/app', '--permission', 'INTERNET', '--permission', 'ACCESS_NETWORK_STATE', '--permission', 'WAKE_LOCK', '--permission', 'FOREGROUND_SERVICE', '--permission', 'POST_NOTIFICATIONS', '--permission', 'FOREGROUND_SERVICE_DATA_SYNC', '--android-entrypoint', 'org.kivy.android.PythonActivity', '--android-apptheme', '@android:style/Theme.NoTitleBar', '--presplash', '/home/solaya/Desktop/TOE/hive/android/./presplash.png', '--icon', '/home/solaya/Desktop/TOE/hive/android/./icon-512.png', '--icon-fg', '/home/solaya/Desktop/TOE/hive/android/./icon_adaptive_fg.png', '--icon-bg', '/home/solaya/Desktop/TOE/hive/android/./icon_adaptive_bg.png', '--orientation', 'portrait', '--window', '--enable-androidx', '--service', 'Worker:service/main.py:foreground', '--copy-libs', '--arch', 'arm64-v8a', '--color=always', '--storage-dir=/home/solaya/Desktop/TOE/hive/android/.buildozer/android/platform/build-arm64-v8a', '--ndk-api=21', '--ignore-setup-py', '--debug']
# Cwd /home/solaya/Desktop/TOE/hive/android/.buildozer/android/platform/python-for-android
[WARNING]: prerequisites.py is experimental and does not support all prerequisites yet.
[WARNING]: Please report any issues to the python-for-android issue tracker.
[WARNING]: prerequisites.py is experimental and does not support all prerequisites yet.
[WARNING]: Please report any issues to the python-for-android issue tracker.
[1m[INFO][0m:    Will compile for the following archs: arm64-v8a
[1m[INFO][0m:    Found Android API target in $ANDROIDAPI: 33
[1m[INFO][0m:    Available Android APIs are (33)
[1m[INFO][0m:    Requested API target 33 is available, continuing.
[1m[INFO][0m:    Found NDK dir in $ANDROIDNDK: /home/solaya/.buildozer/android/platform/android-ndk-r25b
[1m[INFO][0m:    Found NDK version 25b
[1m[INFO][0m:    Getting NDK API version (i.e. minimum supported API) from user argument
[1m[INFO][0m:    ccache is missing, the build will not be optimized in the future.
[1m[90m[DEBUG][39m[0m:   All possible dists: [<Distribution: name wathome with recipes (freetype, hostpython3, jpeg, libffi, openssl, png, sdl2_image, sdl2_mixer, sdl2_ttf, sqlite3, python3, sdl2, setuptools, cython, pillow, six, numpy, pyjnius, android, kivy, idna, chardet, urllib3, certifi, requests)>]
[1m[90m[DEBUG][39m[0m:   Dist matching name and arch: [<Distribution: name wathome with recipes (freetype, hostpython3, jpeg, libffi, openssl, png, sdl2_image, sdl2_mixer, sdl2_ttf, sqlite3, python3, sdl2, setuptools, cython, pillow, six, numpy, pyjnius, android, kivy, idna, chardet, urllib3, certifi, requests)>]
[1m[90m[DEBUG][39m[0m:   Dist matching ndk_api and recipe: [<Distribution: name wathome with recipes (freetype, hostpython3, jpeg, libffi, openssl, png, sdl2_image, sdl2_mixer, sdl2_ttf, sqlite3, python3, sdl2, setuptools, cython, pillow, six, numpy, pyjnius, android, kivy, idna, chardet, urllib3, certifi, requests)>]
[1m[INFO][0m:    Of the existing distributions, the following meet the given requirements:
[1m[INFO][0m:    	[32m[1mwathome[0m: min API 21, includes recipes ([32mfreetype, hostpython3, jpeg, libffi, openssl, png, sdl2_image, sdl2_mixer, sdl2_ttf, sqlite3, python3, sdl2, setuptools, cython, pillow, six, numpy, pyjnius, android, kivy, idna, chardet, urllib3, certifi, requests[0m), built for archs ([34marm64-v8a[0m)
[1m[INFO][0m:    [1m[94mwathome has compatible recipes, using this one[0m
[1m[90m[DEBUG][39m[0m:   All possible dists: [<Distribution: name wathome with recipes (freetype, hostpython3, jpeg, libffi, openssl, png, sdl2_image, sdl2_mixer, sdl2_ttf, sqlite3, python3, sdl2, setuptools, cython, pillow, six, numpy, pyjnius, android, kivy, idna, chardet, urllib3, certifi, requests)>]
[1m[90m[DEBUG][39m[0m:   Dist matching name and arch: [<Distribution: name wathome with recipes (freetype, hostpython3, jpeg, libffi, openssl, png, sdl2_image, sdl2_mixer, sdl2_ttf, sqlite3, python3, sdl2, setuptools, cython, pillow, six, numpy, pyjnius, android, kivy, idna, chardet, urllib3, certifi, requests)>]
[1m[90m[DEBUG][39m[0m:   Dist matching ndk_api and recipe: [<Distribution: name wathome with recipes (freetype, hostpython3, jpeg, libffi, openssl, png, sdl2_image, sdl2_mixer, sdl2_ttf, sqlite3, python3, sdl2, setuptools, cython, pillow, six, numpy, pyjnius, android, kivy, idna, chardet, urllib3, certifi, requests)>]
[1m[INFO][0m:    Of the existing distributions, the following meet the given requirements:
[1m[INFO][0m:    	[32m[1mwathome[0m: min API 21, includes recipes ([32mfreetype, hostpython3, jpeg, libffi, openssl, png, sdl2_image, sdl2_mixer, sdl2_ttf, sqlite3, python3, sdl2, setuptools, cython, pillow, six, numpy, pyjnius, android, kivy, idna, chardet, urllib3, certifi, requests[0m), built for archs ([34marm64-v8a[0m)
[1m[INFO][0m:    [1m[94mwathome has compatible recipes, using this one[0m
[1m[INFO][0m:    [36m-> directory context /home/solaya/Desktop/TOE/hive/android/.buildozer/android/platform/build-arm64-v8a/build/bootstrap_builds/sdl2[39m
[1m[INFO][0m:    [36m<- directory context /home/solaya/Desktop/TOE/hive/android/.buildozer/android/platform/python-for-android[39m
[1m[INFO][0m:    [36m-> directory context /home/solaya/Desktop/TOE/hive/android/.buildozer/android/platform/build-arm64-v8a/dists/wathome[39m
[1m[90m[DEBUG][39m[0m:   Remove directory and subdirectory src/main/assets
[1m[90m[DEBUG][39m[0m:   Create directory src/main/assets
Compiling '/home/solaya/Desktop/TOE/hive/android/.buildozer/android/app/sitecustomize.py'...
Compiling '/home/solaya/Desktop/TOE/hive/android/.buildozer/android/app/gen_notification_icons.py'...
Compiling '/home/solaya/Desktop/TOE/hive/android/.buildozer/android/app/gen_adaptive_icons.py'...
Compiling '/home/solaya/Desktop/TOE/hive/android/.buildozer/android/app/main.py'...
Compiling '/home/solaya/Desktop/TOE/hive/android/.buildozer/android/app/w_operator.py'...
Compiling '/home/solaya/Desktop/TOE/hive/android/.buildozer/android/app/service/main.py'...
[1m[90m[DEBUG][39m[0m:   Remove directory and subdirectory /tmp/p4a-extra-env-c6760jc0
[1m[90m[DEBUG][39m[0m:   Remove directory and subdirectory src/main/res
[1m[INFO][0m:    Detected highest available build tools version to be 37.0.0-rc2
stty: 'standard input': Inappropriate ioctl for device
[1m[90m[DEBUG][39m[0m:   [90m->[0m running gradlew clean assembleDebug[0m
[1m[90m[DEBUG][39m[0m:   	
[1m[90m[DEBUG][39m[0m:   	
[1m[90m[DEBUG][39m[0m:   	[1A[1m> Connecting to Daemon[m[22D[1B[1A> IDLE[0K[6D[1B[2AStarting a Gradle Daemon, 2 incompatible and 1 stopped Daemons could not be reused, use --status for details
[1m[90m[DEBUG][39m[0m:   	
[1m[90m[DEBUG][39m[0m:   	[0K
[1m[90m[DEBUG][39m[0m:   	[2A[1B[1m> Starting Daemon[m[17D[1B[1A> IDLE[0K[6D[1B[2A[1m<[0;1m-------------> 0% INITIALIZING [77ms][m[38D[2B[2A[1m<[0;1m-------------> 0% INITIALIZING [177ms][m[39D[2B[2A[1m<[0;1m-------------> 0% INITIALIZING [277ms][m[39D[2B[2A[1m<[0;1m-------------> 0% INITIALIZING [377ms][m[39D[2B[2A[1m<[0;1m-------------> 0% INITIALIZING [477ms][m[39D[2B[2A[1m<[0;1m-------------> 0% INITIALIZING [577ms][m[39D[2B[2A[1m<[0;1m-------------> 0% INITIALIZING [677ms][m[39D[2B[2A[1m<[0;1m-------------> 0% INITIALIZING [778ms][m[39D[2B[2A[1m<[0;1m-------------> 0% INITIALIZING [877ms][m[39D[2B[2A[1m<[0;1m-------------> 0% INITIALIZING [979ms][m[39D[2B[2A[1m<[0;1m-------------> 0% INITIALIZING [1s][m[0K[36D[2B[1A[1m> Evaluating settings[m[21D[1B[2A[1m<[0;1m-------------> 0% INITIALIZING [2s][m[36D[2B[2A[1m<[0;1m-------------> 0% INITIALIZING [3s][m[36D[2B[2A[1m<[0;1m-------------> 0% CONFIGURING [3s][m[0K[35D[1B[1m> Loading projects[m[0K[18D[1B[2A[1m<[0;1m-------------> 0% CONFIGURING [4s][m[35D[1B> IDLE[0K[6D[1B[1A[1m> root project[m[14D[1B[2A[1m<[0;1m-------------> 0% CONFIGURING [5s][m[35D[2B[1A[1m> root project > Resolve dependencies of :classpath[m[51D[1B[2A[1m<[0;1m-------------> 0% CONFIGURING [6s][m[35D[2B[1A[1m> root project > Resolve files of :classpath[m[0K[44D[1B[1A[1m> root project[m[0K[14D[1B[2A[1m<[0;1m-------------> 0% CONFIGURING [7s][m[35D[2B[2A[1m<[0;1m-------------> 0% CONFIGURING [8s][m[35D[2B[2A[1m<[0;1m-------------> 0% CONFIGURING [9s][m[35D[2B[2A[1m<[0;1m-------------> 0% CONFIGURING [10s][m[36D[2B[2A[1m<[0;1m-------------> 0% CONFIGURING [11s][m[36D[2B[2A[1m<[0;1m-------------> 0% CONFIGURING [12s][m[36D[2B[2A[1m<[0;1m-------------> 0% CONFIGURING [13s][m[36D[2B[2A[1m<[0;32;1m=============[0;39;1m> 100% CONFIGURING [13s][m[38D[1B[1m> Resolve dependencies of :classpath[m[36D[1B[1A> IDLE[0K[6D[1B[2A[1m<[0;32;1m=============[0;39;1m> 100% CONFIGURING [14s][m[38D[2B[2A[1m<[0;32;1m=============[0;39;1m> 100% CONFIGURING [15s][m[38D[2B[2A[1m<[0;1m-------------> 0% EXECUTING [15s][m[0K[34D[2B[1A[1m> :clean[m[8D[1B[2A[1m<[0;32;1m=[0;39;1m------------> 9% EXECUTING [15s][m[34D[1B[1m> :javaPreCompileDebug[m[22D[1B
[1m[90m[DEBUG][39m[0m:   	
[1m[90m[DEBUG][39m[0m:   	[2A[1m> :checkDebugAarMetadata[m[24D[1B[1m> :generateDebugResValues[m[25D[1B[4A[1m<[0;32;1m==[0;39;1m-----------> 17% EXECUTING [15s][m[35D[1B> IDLE[0K[6D[1B[1m> :mapDebugSourceSetPaths[m[25D[1B> IDLE[0K[6D[1B[4A[1m<[0;32;1m==[0;39;1m-----------> 21% EXECUTING [15s][m[35D[2B[1m> :mergeDebugResources[m[0K[22D[2B[4A[1m<[0;32;1m==[0;39;1m-----------> 21% EXECUTING [16s][m[35D[4B[1A[1m> :packageDebugResources[m[24D[1B[4A[1m<[0;32;1m===[0;39;1m----------> 26% EXECUTING [16s][m[35D[2B> IDLE[0K[6D[1B[1m> :parseDebugLocalResources > Resolve files of :androidApis[m[59D[1B[2A[1m> :createDebugCompatibleScreenManifests[m[39D[1B[1m> :parseDebugLocalResources[m[0K[27D[1B[4A[1m<[0;32;1m====[0;39;1m---------> 31% EXECUTING [16s][m[35D[2B[1m> :processDebugMainManifest[m[0K[27D[2B[4A[1m<[0;32;1m====[0;39;1m---------> 34% EXECUTING [16s][m[35D[3B> IDLE[0K[6D[1B[4A[0K
[1m[90m[DEBUG][39m[0m:   	[1m> Task :processDebugMainManifest[m
[1m[90m[DEBUG][39m[0m:   	/home/solaya/Desktop/TOE/hive/android/.buildozer/android/platform/build-arm64-v8a/dists/wathome/src/main/AndroidManifest.xml:65:18-50 Warning:
[1m[90m[DEBUG][39m[0m:   	        android:extractNativeLibs should not be specified in this source AndroidManifest.xml file. See https://d.android.com/guide/topics/manifest/application-element#extractNativeLibs for more information.
[1m[90m[DEBUG][39m[0m:   	The AGP Upgrade Assistant can remove the attribute from the AndroidManifest.xml file and update the build file accordingly. See https://d.android.com/studio/build/agp-upgrade-assistant for more information.
[1m[90m[DEBUG][39m[0m:   	[0K
[1m[90m[DEBUG][39m[0m:   	[0K
[1m[90m[DEBUG][39m[0m:   	[0K
[1m[90m[DEBUG][39m[0m:   	[0K
[1m[90m[DEBUG][39m[0m:   	[4A[1m<[0;32;1m====[0;39;1m---------> 36% EXECUTING [16s][m[35D[1B> IDLE[6D[1B[1m> :processDebugManifest[m[23D[1B> IDLE[6D[1B[4A[1m<[0;32;1m====[0;39;1m---------> 36% EXECUTING [17s][m[35D[4B[4A[1m<[0;32;1m=====[0;39;1m--------> 39% EXECUTING [17s][m[35D[2B[1m> :processDebugManifestForPackage[m[33D[1B[1m> :mergeDebugShaders[m[20D[1B[4A[1m<[0;32;1m======[0;39;1m-------> 48% EXECUTING [17s][m[35D[1B[1m> :processDebugJavaRes[m[22D[2B[1m> :compressDebugAssets[m[22D[1B[4A[1m<[0;32;1m=======[0;39;1m------> 58% EXECUTING [18s][m[35D[1B[1m> :mergeDebugJavaResource[m[25D[2B[1m> :mergeDebugJniLibFolders[m[26D[1B[4A[1m<[0;32;1m=======[0;39;1m------> 60% EXECUTING [18s][m[35D[1B> IDLE[0K[6D[3B[4A[1m<[0;32;1m========[0;39;1m-----> 63% EXECUTING [18s][m[35D[3B[1m> :mergeExtDexDebug[m[0K[19D[1B[4A[1m<[0;32;1m========[0;39;1m-----> 68% EXECUTING [18s][m[35D[1B[1m> :mergeDebugNativeLibs[m[23D[2B[1m> :validateSigningDebug[m[23D[1B[4A[1m<[0;32;1m==========[0;39;1m---> 78% EXECUTING [18s][m[35D[2B[1m> :processDebugResources[m[0K[24D[1B> IDLE[0K[6D[1B[4A[1m<[0;32;1m==========[0;39;1m---> 80% EXECUTING [18s][m[35D[1B[1m> :stripDebugDebugSymbols[m[25D[3B[4A[1m<[0;32;1m==========[0;39;1m---> 80% EXECUTING [19s][m[35D[4B[4A[1m<[0;32;1m==========[0;39;1m---> 82% EXECUTING [19s][m[35D[1B> IDLE[0K[6D[3B[4A[1m<[0;32;1m===========[0;39;1m--> 85% EXECUTING [19s][m[35D[2B[1m> :compileDebugJavaWithJavac[m[28D[2B[4A[1m<[0;32;1m===========[0;39;1m--> 85% EXECUTING [20s][m[35D[4B[4A[1m<[0;32;1m===========[0;39;1m--> 85% EXECUTING [21s][m[35D[4B[4A[1m<[0;32;1m===========[0;39;1m--> 85% EXECUTING [22s][m[35D[4B[4A[1m<[0;32;1m===========[0;39;1m--> 85% EXECUTING [23s][m[35D[4B[4A[0K
[1m[90m[DEBUG][39m[0m:   	[1m> Task :compileDebugJavaWithJavac[m
[1m[90m[DEBUG][39m[0m:   	Note: Some input files use or override a deprecated API.
[1m[90m[DEBUG][39m[0m:   	Note: Recompile with -Xlint:deprecation for details.
[1m[90m[DEBUG][39m[0m:   	[0K
[1m[90m[DEBUG][39m[0m:   	[0K
[1m[90m[DEBUG][39m[0m:   	[0K
[1m[90m[DEBUG][39m[0m:   	[0K
[1m[90m[DEBUG][39m[0m:   	[4A[1m<[0;32;1m===========[0;39;1m--> 85% EXECUTING [23s][m[35D[1B> IDLE[6D[1B[1m> :compileDebugJavaWithJavac[m[28D[1B> IDLE[6D[1B[4A[1m<[0;32;1m===========[0;39;1m--> 87% EXECUTING [24s][m[35D[2B[1m> :dexBuilderDebug[m[0K[18D[2B[4A[1m<[0;32;1m===========[0;39;1m--> 87% EXECUTING [25s][m[35D[4B[4A[1m<[0;32;1m===========[0;39;1m--> 87% EXECUTING [26s][m[35D[4B[4A[1m<[0;32;1m===========[0;39;1m--> 87% EXECUTING [27s][m[35D[4B[4A[1m<[0;32;1m===========[0;39;1m--> 87% EXECUTING [28s][m[35D[4B[4A[1m<[0;32;1m===========[0;39;1m--> 90% EXECUTING [28s][m[35D[2B[1m> :mergeProjectDexDebug[m[23D[2B[4A[1m<[0;32;1m============[0;39;1m-> 92% EXECUTING [28s][m[35D[2B[1m> :packageDebug[m[0K[15D[2B[4A[1m<[0;32;1m============[0;39;1m-> 92% EXECUTING [29s][m[35D[4B[4A[1m<[0;32;1m============[0;39;1m-> 92% EXECUTING [30s][m[35D[4B[4A[1m<[0;32;1m============[0;39;1m-> 92% EXECUTING [31s][m[35D[4B[4A[1m<[0;32;1m============[0;39;1m-> 95% EXECUTING [31s][m[35D[2B[1m> :createDebugApkListingFileRedirect[m[36D[2B[4A[0K
[1m[90m[DEBUG][39m[0m:   	Deprecated Gradle features were used in this build, making it incompatible with Gradle 9.0.[0K[0K
[1m[90m[DEBUG][39m[0m:   	[0K
[1m[90m[DEBUG][39m[0m:   	You can use '--warning-mode all' to show the individual deprecation warnings and determine if they come from your own scripts or plugins.
[1m[90m[DEBUG][39m[0m:   	
[1m[90m[DEBUG][39m[0m:   	See https://docs.gradle.org/8.0.2/userguide/command_line_interface.html#sec:command_line_warnings
[1m[90m[DEBUG][39m[0m:   	
[1m[90m[DEBUG][39m[0m:   	[32;1mBUILD SUCCESSFUL[0;39m in 36s
[1m[90m[DEBUG][39m[0m:   	33 actionable tasks: 33 executed
[1m[90m[DEBUG][39m[0m:   	[0K
[1m[90m[DEBUG][39m[0m:   	[0K
[1m[90m[DEBUG][39m[0m:   	[0K
[1m[90m[DEBUG][39m[0m:   	[0K
[1m[90m[DEBUG][39m[0m:   	[4A[1m<[0;1m-------------> 0% WAITING[m[26D[1B> IDLE[6D[1B> IDLE[6D[1B> IDLE[6D[1B[4A[2K[1B[2K[1B[2K[1B[2K[3A[0m[?12l[?25h
[1m[INFO][0m:    [36m<- directory context /home/solaya/Desktop/TOE/hive/android/.buildozer/android/platform/python-for-android[39m
[1m[90m[DEBUG][39m[0m:   All possible dists: [<Distribution: name wathome with recipes (freetype, hostpython3, jpeg, libffi, openssl, png, sdl2_image, sdl2_mixer, sdl2_ttf, sqlite3, python3, sdl2, setuptools, cython, pillow, six, numpy, pyjnius, android, kivy, idna, chardet, urllib3, certifi, requests)>]
[1m[90m[DEBUG][39m[0m:   Dist matching name and arch: [<Distribution: name wathome with recipes (freetype, hostpython3, jpeg, libffi, openssl, png, sdl2_image, sdl2_mixer, sdl2_ttf, sqlite3, python3, sdl2, setuptools, cython, pillow, six, numpy, pyjnius, android, kivy, idna, chardet, urllib3, certifi, requests)>]
[1m[90m[DEBUG][39m[0m:   Dist matching ndk_api and recipe: [<Distribution: name wathome with recipes (freetype, hostpython3, jpeg, libffi, openssl, png, sdl2_image, sdl2_mixer, sdl2_ttf, sqlite3, python3, sdl2, setuptools, cython, pillow, six, numpy, pyjnius, android, kivy, idna, chardet, urllib3, certifi, requests)>]
[1m[INFO][0m:    Of the existing distributions, the following meet the given requirements:
[1m[INFO][0m:    	[32m[1mwathome[0m: min API 21, includes recipes ([32mfreetype, hostpython3, jpeg, libffi, openssl, png, sdl2_image, sdl2_mixer, sdl2_ttf, sqlite3, python3, sdl2, setuptools, cython, pillow, six, numpy, pyjnius, android, kivy, idna, chardet, urllib3, certifi, requests[0m), built for archs ([34marm64-v8a[0m)
[1m[INFO][0m:    [1m[94mwathome has compatible recipes, using this one[0m
[1m[INFO][0m:    [1m[32m# Copying android package to current directory[0m[39m
[1m[INFO][0m:    [1m[32m# Android package filename not found in build output. Guessing...[0m[39m
[1m[INFO][0m:    [1m[32m# Found android package file: /home/solaya/Desktop/TOE/hive/android/.buildozer/android/platform/build-arm64-v8a/dists/wathome/build/outputs/apk/debug/wathome-debug.apk[0m[39m
[1m[INFO][0m:    # Add version number to android package
[1m[INFO][0m:    # Android package renamed to wathome-debug-1.0.1.apk
stty: 'standard input': Inappropriate ioctl for device
[1m[90m[DEBUG][39m[0m:   [90m->[0m running cp /home/solaya/Desktop/TOE/hive/android/.buildozer/android/platform/build-arm64-v8a/dists/wathome/build/outputs/apk/debug/wathome-debug.apk wathome-debug-1.0.1.apk[0m
No setup.py/pyproject.toml used, copying full private data into .apk.
Applying Java source code patches...
Applying patch: src/patches/SDLActivity.java.patch
Warning: failed to apply patch (exit code 1), assuming it is already applied:  src/patches/SDLActivity.java.patch
# Android packaging done!
# APK wathome-1.0.1-arm64-v8a-debug.apk available in the bin directory
